2017-12-29 11:11:26.055 [main] DEBUG com.drore.dao.split.DynamicDataSourceInterceptor - 设置方法[com.drore.dao.UserDao.queryUser] use [slave] Strategy, SqlCommanType [SELECT]..
2017-12-29 11:11:28.403 [main] DEBUG com.drore.dao.split.DynamicDataSourceHolder - 所使用的数据源为:slave
2017-12-29 11:12:03.010 [main] DEBUG com.drore.dao.UserDao.queryUser - ==>  Preparing: SELECT user_id, username,password FROM tb_user 
2017-12-29 11:12:03.447 [main] DEBUG com.drore.dao.UserDao.queryUser - ==> Parameters: 
2017-12-29 11:12:03.664 [main] DEBUG com.drore.dao.UserDao.queryUser - <==      Total: 5
2017-12-29 11:15:48.775 [main] DEBUG com.drore.dao.split.DynamicDataSourceInterceptor - 设置方法[com.drore.dao.UserDao.insertUser] use [master] Strategy, SqlCommanType [INSERT]..
2017-12-29 11:15:48.783 [main] DEBUG com.drore.dao.split.DynamicDataSourceHolder - 所使用的数据源为:master
2017-12-29 11:15:48.808 [main] DEBUG com.drore.dao.UserDao.insertUser - ==>  Preparing: INSERT INTO tb_user(username,password) VALUES (?,?) 
2017-12-29 11:15:48.835 [main] DEBUG com.drore.dao.UserDao.insertUser - ==> Parameters: user0(String), 1230(String)
2017-12-29 11:15:48.856 [main] DEBUG com.drore.dao.UserDao.insertUser - <==    Updates: 1
2017-12-29 11:15:57.059 [main] DEBUG com.drore.dao.split.DynamicDataSourceInterceptor - 设置方法[com.drore.dao.UserDao.insertUser] use [master] Strategy, SqlCommanType [INSERT]..
2017-12-29 11:15:57.059 [main] DEBUG com.drore.dao.split.DynamicDataSourceHolder - 所使用的数据源为:master
2017-12-29 11:15:57.059 [main] DEBUG com.drore.dao.UserDao.insertUser - ==>  Preparing: INSERT INTO tb_user(username,password) VALUES (?,?) 
2017-12-29 11:15:57.060 [main] DEBUG com.drore.dao.UserDao.insertUser - ==> Parameters: user1(String), 1231(String)
2017-12-29 11:15:57.068 [main] DEBUG com.drore.dao.UserDao.insertUser - <==    Updates: 1
2017-12-29 11:32:20.669 [main] DEBUG com.drore.dao.split.DynamicDataSourceInterceptor - 设置方法[com.drore.dao.UserDao.insertUser] use [master] Strategy, SqlCommanType [INSERT]..
2017-12-29 11:32:20.670 [main] DEBUG com.drore.dao.split.DynamicDataSourceHolder - 所使用的数据源为:master
2017-12-29 11:32:20.671 [main] DEBUG com.drore.dao.UserDao.insertUser - ==>  Preparing: INSERT INTO tb_user(username,password) VALUES (?,?) 
2017-12-29 11:32:20.672 [main] DEBUG com.drore.dao.UserDao.insertUser - ==> Parameters: user2(String), 1232(String)
2017-12-29 11:32:20.678 [main] DEBUG com.drore.dao.UserDao.insertUser - <==    Updates: 1
2017-12-29 11:32:22.642 [main] DEBUG com.drore.dao.split.DynamicDataSourceInterceptor - 设置方法[com.drore.dao.UserDao.insertUser] use [master] Strategy, SqlCommanType [INSERT]..
2017-12-29 11:32:22.642 [main] DEBUG com.drore.dao.split.DynamicDataSourceHolder - 所使用的数据源为:master
2017-12-29 11:32:22.642 [main] DEBUG com.drore.dao.UserDao.insertUser - ==>  Preparing: INSERT INTO tb_user(username,password) VALUES (?,?) 
2017-12-29 11:32:22.643 [main] DEBUG com.drore.dao.UserDao.insertUser - ==> Parameters: user3(String), 1233(String)
2017-12-29 11:32:22.649 [main] DEBUG com.drore.dao.UserDao.insertUser - <==    Updates: 1
2017-12-29 11:32:23.740 [main] DEBUG com.drore.dao.split.DynamicDataSourceInterceptor - 设置方法[com.drore.dao.UserDao.insertUser] use [master] Strategy, SqlCommanType [INSERT]..
2017-12-29 11:32:23.740 [main] DEBUG com.drore.dao.split.DynamicDataSourceHolder - 所使用的数据源为:master
2017-12-29 11:32:23.741 [main] DEBUG com.drore.dao.UserDao.insertUser - ==>  Preparing: INSERT INTO tb_user(username,password) VALUES (?,?) 
2017-12-29 11:32:23.742 [main] DEBUG com.drore.dao.UserDao.insertUser - ==> Parameters: user4(String), 1234(String)
2017-12-29 11:32:23.755 [main] DEBUG com.drore.dao.UserDao.insertUser - <==    Updates: 1
2017-12-29 13:27:17.854 [main] DEBUG com.drore.dao.split.DynamicDataSourceInterceptor - 设置方法[com.drore.dao.UserDao.queryUser] use [slave] Strategy, SqlCommanType [SELECT]..
2017-12-29 13:27:17.856 [main] DEBUG com.drore.dao.split.DynamicDataSourceHolder - 所使用的数据源为:slave
2017-12-29 13:27:17.869 [main] DEBUG com.drore.dao.UserDao.queryUser - ==>  Preparing: SELECT user_id, username,password FROM tb_user 
2017-12-29 13:27:17.918 [main] DEBUG com.drore.dao.UserDao.queryUser - ==> Parameters: 
2017-12-29 13:27:17.936 [main] DEBUG com.drore.dao.UserDao.queryUser - <==      Total: 10
2017-12-29 13:37:09.726 [main] DEBUG com.drore.dao.split.DynamicDataSourceInterceptor - 设置方法[com.drore.dao.UserDao.queryUser] use [slave] Strategy, SqlCommanType [SELECT]..
2017-12-29 13:37:09.728 [main] DEBUG com.drore.dao.split.DynamicDataSourceHolder - 所使用的数据源为:slave
2017-12-29 13:37:09.743 [main] DEBUG com.drore.dao.UserDao.queryUser - ==>  Preparing: SELECT user_id, username,password FROM tb_user 
2017-12-29 13:37:09.799 [main] DEBUG com.drore.dao.UserDao.queryUser - ==> Parameters: 
2017-12-29 13:37:09.825 [main] DEBUG com.drore.dao.UserDao.queryUser - <==      Total: 10
2017-12-29 13:39:04.645 [main] DEBUG com.drore.dao.split.DynamicDataSourceInterceptor - 设置方法[com.drore.dao.UserDao.queryUser] use [slave] Strategy, SqlCommanType [SELECT]..
2017-12-29 13:39:04.648 [main] DEBUG com.drore.dao.split.DynamicDataSourceHolder - 所使用的数据源为:slave
2017-12-29 13:39:04.661 [main] DEBUG com.drore.dao.UserDao.queryUser - ==>  Preparing: SELECT user_id,username,password FROM tb_user 
2017-12-29 13:39:04.707 [main] DEBUG com.drore.dao.UserDao.queryUser - ==> Parameters: 
2017-12-29 13:39:04.725 [main] DEBUG com.drore.dao.UserDao.queryUser - <==      Total: 10
2017-12-29 13:39:56.384 [main] DEBUG com.drore.dao.split.DynamicDataSourceInterceptor - 设置方法[com.drore.dao.UserDao.queryUser] use [slave] Strategy, SqlCommanType [SELECT]..
2017-12-29 13:39:56.386 [main] DEBUG com.drore.dao.split.DynamicDataSourceHolder - 所使用的数据源为:slave
2017-12-29 13:39:56.400 [main] DEBUG com.drore.dao.UserDao.queryUser - ==>  Preparing: SELECT user_id,username,password FROM tb_user 
2017-12-29 13:39:56.456 [main] DEBUG com.drore.dao.UserDao.queryUser - ==> Parameters: 
2017-12-29 13:39:56.478 [main] DEBUG com.drore.dao.UserDao.queryUser - <==      Total: 10
2017-12-29 13:45:21.701 [main] DEBUG com.drore.dao.split.DynamicDataSourceInterceptor - 设置方法[com.drore.dao.UserDao.queryUser] use [slave] Strategy, SqlCommanType [SELECT]..
2017-12-29 13:45:21.704 [main] DEBUG com.drore.dao.split.DynamicDataSourceHolder - 所使用的数据源为:slave
2017-12-29 13:45:21.724 [main] DEBUG com.drore.dao.UserDao.queryUser - ==>  Preparing: SELECT user_id, username,password FROM tb_user 
2017-12-29 13:45:21.791 [main] DEBUG com.drore.dao.UserDao.queryUser - ==> Parameters: 
2017-12-29 13:45:21.818 [main] DEBUG com.drore.dao.UserDao.queryUser - <==      Total: 10
2017-12-29 13:45:33.215 [main] DEBUG com.drore.dao.split.DynamicDataSourceInterceptor - 设置方法[com.drore.dao.UserDao.queryUser] use [slave] Strategy, SqlCommanType [SELECT]..
2017-12-29 13:45:33.216 [main] DEBUG com.drore.dao.split.DynamicDataSourceHolder - 所使用的数据源为:slave
2017-12-29 13:45:33.227 [main] DEBUG com.drore.dao.UserDao.queryUser - ==>  Preparing: SELECT user_id,username,password FROM tb_user 
2017-12-29 13:45:33.271 [main] DEBUG com.drore.dao.UserDao.queryUser - ==> Parameters: 
2017-12-29 13:45:33.291 [main] DEBUG com.drore.dao.UserDao.queryUser - <==      Total: 10
2017-12-29 13:46:10.949 [main] DEBUG com.drore.dao.split.DynamicDataSourceInterceptor - 设置方法[com.drore.dao.UserDao.queryUser] use [slave] Strategy, SqlCommanType [SELECT]..
2017-12-29 13:46:10.951 [main] DEBUG com.drore.dao.split.DynamicDataSourceHolder - 所使用的数据源为:slave
2017-12-29 13:46:10.963 [main] DEBUG com.drore.dao.UserDao.queryUser - ==>  Preparing: SELECT user_id,username,password FROM tb_user 
2017-12-29 13:46:11.006 [main] DEBUG com.drore.dao.UserDao.queryUser - ==> Parameters: 
2017-12-29 13:46:11.026 [main] DEBUG com.drore.dao.UserDao.queryUser - <==      Total: 10
2017-12-29 13:46:25.514 [main] DEBUG      com.drore.dao.split.DynamicDataSourceInterceptor - 设置方法[com.drore.dao.UserDao.queryUser] use [slave] Strategy, SqlCommanType [SELECT]..
2017-12-29 13:46:25.515 [main] DEBUG      com.drore.dao.split.DynamicDataSourceHolder - 所使用的数据源为:slave
2017-12-29 13:46:25.526 [main] DEBUG      com.drore.dao.UserDao.queryUser - ==>  Preparing: SELECT user_id,username,password FROM tb_user 
2017-12-29 13:46:25.567 [main] DEBUG      com.drore.dao.UserDao.queryUser - ==> Parameters: 
2017-12-29 13:46:25.591 [main] DEBUG      com.drore.dao.UserDao.queryUser - <==      Total: 10
2017-12-29 13:51:03.304 [main] DEBUG com.drore.dao.split.DynamicDataSourceInterceptor %PARSER_ERROR[l] - 设置方法[com.drore.dao.UserDao.queryUser] use [slave] Strategy, SqlCommanType [SELECT]..
2017-12-29 13:51:03.305 [main] DEBUG com.drore.dao.split.DynamicDataSourceHolder %PARSER_ERROR[l] - 所使用的数据源为:slave
2017-12-29 13:51:03.316 [main] DEBUG com.drore.dao.UserDao.queryUser %PARSER_ERROR[l] - ==>  Preparing: SELECT user_id,username,password FROM tb_user 
2017-12-29 13:51:03.363 [main] DEBUG com.drore.dao.UserDao.queryUser %PARSER_ERROR[l] - ==> Parameters: 
2017-12-29 13:51:03.382 [main] DEBUG com.drore.dao.UserDao.queryUser %PARSER_ERROR[l] - <==      Total: 10
2017-12-29 13:51:31.186 [main] DEBUG com.drore.dao.split.DynamicDataSourceInterceptor -%PARSER_ERROR[l] - 设置方法[com.drore.dao.UserDao.queryUser] use [slave] Strategy, SqlCommanType [SELECT]..
2017-12-29 13:51:31.187 [main] DEBUG com.drore.dao.split.DynamicDataSourceHolder -%PARSER_ERROR[l] - 所使用的数据源为:slave
2017-12-29 13:51:31.197 [main] DEBUG com.drore.dao.UserDao.queryUser -%PARSER_ERROR[l] - ==>  Preparing: SELECT user_id,username,password FROM tb_user 
2017-12-29 13:51:31.241 [main] DEBUG com.drore.dao.UserDao.queryUser -%PARSER_ERROR[l] - ==> Parameters: 
2017-12-29 13:51:31.261 [main] DEBUG com.drore.dao.UserDao.queryUser -%PARSER_ERROR[l] - <==      Total: 10
2017-12-29 13:52:50.470 [main] DEBUG com.drore.dao.split.DynamicDataSourceInterceptor%PARSER_ERROR[l] - 设置方法[com.drore.dao.UserDao.queryUser] use [slave] Strategy, SqlCommanType [SELECT]..
2017-12-29 13:52:50.471 [main] DEBUG com.drore.dao.split.DynamicDataSourceHolder%PARSER_ERROR[l] - 所使用的数据源为:slave
2017-12-29 13:52:50.481 [main] DEBUG com.drore.dao.UserDao.queryUser%PARSER_ERROR[l] - ==>  Preparing: SELECT user_id,username,password FROM tb_user 
2017-12-29 13:52:50.527 [main] DEBUG com.drore.dao.UserDao.queryUser%PARSER_ERROR[l] - ==> Parameters: 
2017-12-29 13:52:50.551 [main] DEBUG com.drore.dao.UserDao.queryUser%PARSER_ERROR[l] - <==      Total: 10
2017-12-29 13:55:32.294 [main] DEBUG com.drore.dao.split.DynamicDataSourceInterceptor%PARSER_ERROR[l] - 设置方法[com.drore.dao.UserDao.queryUser] use [slave] Strategy, SqlCommanType [SELECT]..
2017-12-29 13:55:32.295 [main] DEBUG com.drore.dao.split.DynamicDataSourceHolder%PARSER_ERROR[l] - 所使用的数据源为:slave
2017-12-29 13:55:32.306 [main] DEBUG com.drore.dao.UserDao.queryUser%PARSER_ERROR[l] - ==>  Preparing: SELECT user_id,username,password FROM tb_user 
2017-12-29 13:55:32.346 [main] DEBUG com.drore.dao.UserDao.queryUser%PARSER_ERROR[l] - ==> Parameters: 
2017-12-29 13:55:32.368 [main] DEBUG com.drore.dao.UserDao.queryUser%PARSER_ERROR[l] - <==      Total: 10
2017-12-29 13:56:19.035 [main] DEBUG com.drore.dao.split.DynamicDataSourceInterceptor - %PARSER_ERROR[l]设置方法[com.drore.dao.UserDao.queryUser] use [slave] Strategy, SqlCommanType [SELECT]..
2017-12-29 13:56:19.036 [main] DEBUG com.drore.dao.split.DynamicDataSourceHolder - %PARSER_ERROR[l]所使用的数据源为:slave
2017-12-29 13:56:19.046 [main] DEBUG com.drore.dao.UserDao.queryUser - %PARSER_ERROR[l]==>  Preparing: SELECT user_id,username,password FROM tb_user 
2017-12-29 13:56:19.089 [main] DEBUG com.drore.dao.UserDao.queryUser - %PARSER_ERROR[l]==> Parameters: 
2017-12-29 13:56:19.106 [main] DEBUG com.drore.dao.UserDao.queryUser - %PARSER_ERROR[l]<==      Total: 10
2017-12-29 13:58:28.680 [main] DEBUG com.drore.dao.split.DynamicDataSourceInterceptor.intercept:52 - l设置方法[com.drore.dao.UserDao.queryUser] use [slave] Strategy, SqlCommanType [SELECT]..
2017-12-29 13:58:28.681 [main] DEBUG com.drore.dao.split.DynamicDataSourceHolder.setDbType:21 - l所使用的数据源为:slave
2017-12-29 13:58:28.692 [main] DEBUG com.drore.dao.UserDao.queryUser.debug:181 - l==>  Preparing: SELECT user_id,username,password FROM tb_user 
2017-12-29 13:58:28.734 [main] DEBUG com.drore.dao.UserDao.queryUser.debug:181 - l==> Parameters: 
2017-12-29 13:58:28.756 [main] DEBUG com.drore.dao.UserDao.queryUser.debug:181 - l<==      Total: 10
2017-12-29 13:59:01.767 [main] DEBUG com.drore.dao.split.DynamicDataSourceInterceptor.intercept:[52] - l设置方法[com.drore.dao.UserDao.queryUser] use [slave] Strategy, SqlCommanType [SELECT]..
2017-12-29 13:59:01.768 [main] DEBUG com.drore.dao.split.DynamicDataSourceHolder.setDbType:[21] - l所使用的数据源为:slave
2017-12-29 13:59:01.779 [main] DEBUG com.drore.dao.UserDao.queryUser.debug:[181] - l==>  Preparing: SELECT user_id,username,password FROM tb_user 
2017-12-29 13:59:01.828 [main] DEBUG com.drore.dao.UserDao.queryUser.debug:[181] - l==> Parameters: 
2017-12-29 13:59:01.848 [main] DEBUG com.drore.dao.UserDao.queryUser.debug:[181] - l<==      Total: 10
2017-12-29 14:00:27.473 [main] DEBUG com.drore.dao.split.DynamicDataSourceInterceptor.intercept:[52] - 设置方法[com.drore.dao.UserDao.queryUser] use [slave] Strategy, SqlCommanType [SELECT]..
2017-12-29 14:00:27.474 [main] DEBUG com.drore.dao.split.DynamicDataSourceHolder.setDbType:[21] - 所使用的数据源为:slave
2017-12-29 14:00:27.485 [main] DEBUG com.drore.dao.UserDao.queryUser.debug:[181] - ==>  Preparing: SELECT user_id,username,password FROM tb_user 
2017-12-29 14:00:27.532 [main] DEBUG com.drore.dao.UserDao.queryUser.debug:[181] - ==> Parameters: 
2017-12-29 14:00:27.551 [main] DEBUG com.drore.dao.UserDao.queryUser.debug:[181] - <==      Total: 10
2017-12-29 14:23:07.026 [main] DEBUG com.drore.dao.split.DynamicDataSourceInterceptor.intercept:[52] - 设置方法[com.drore.dao.UserDao.queryUser] use [slave] Strategy, SqlCommanType [SELECT]..
2017-12-29 14:23:07.028 [main] DEBUG com.drore.dao.split.DynamicDataSourceHolder.setDbType:[21] - 所使用的数据源为:slave
2017-12-29 14:23:07.038 [main] DEBUG com.drore.dao.UserDao.queryUser.debug:[181] - ==>  Preparing: SELECT user_id,username,password FROM tb_user 
2017-12-29 14:23:07.081 [main] DEBUG com.drore.dao.UserDao.queryUser.debug:[181] - ==> Parameters: 
2017-12-29 14:23:07.102 [main] DEBUG com.drore.dao.UserDao.queryUser.debug:[181] - <==      Total: 10
2017-12-29 14:23:36.148 [main] DEBUG com.drore.dao.split.DynamicDataSourceInterceptor.intercept:[52] - 设置方法[com.drore.dao.UserDao.queryUser] use [slave] Strategy, SqlCommanType [SELECT]..
2017-12-29 14:23:36.149 [main] DEBUG com.drore.dao.split.DynamicDataSourceHolder.setDbType:[21] - 所使用的数据源为:slave
2017-12-29 14:23:36.166 [main] DEBUG com.drore.dao.UserDao.queryUser.debug:[181] - ==>  Preparing: SELECT user_id,username,password FROM tb_user 
2017-12-29 14:23:36.212 [main] DEBUG com.drore.dao.UserDao.queryUser.debug:[181] - ==> Parameters: 
2017-12-29 14:23:36.236 [main] DEBUG com.drore.dao.UserDao.queryUser.debug:[181] - <==      Total: 10
2017-12-29 14:23:53.847 [main] DEBUG com.drore.dao.split.DynamicDataSourceInterceptor.intercept:[52] - 设置方法[com.drore.dao.UserDao.queryUser] use [slave] Strategy, SqlCommanType [SELECT]..
2017-12-29 14:23:53.849 [main] DEBUG com.drore.dao.split.DynamicDataSourceHolder.setDbType:[21] - 所使用的数据源为:slave
2017-12-29 14:23:53.859 [main] DEBUG com.drore.dao.UserDao.queryUser.debug:[181] - ==>  Preparing: SELECT user_id,username,password FROM tb_user 
2017-12-29 14:23:53.896 [main] DEBUG com.drore.dao.UserDao.queryUser.debug:[181] - ==> Parameters: 
2017-12-29 14:23:53.914 [main] DEBUG com.drore.dao.UserDao.queryUser.debug:[181] - <==      Total: 10
2017-12-29 14:35:02.637 [main] DEBUG com.drore.dao.split.DynamicDataSourceInterceptor.intercept:[52] - 设置方法[com.drore.dao.UserDao.queryUser] use [slave] Strategy, SqlCommanType [SELECT]..
2017-12-29 14:35:02.639 [main] DEBUG com.drore.dao.split.DynamicDataSourceHolder.setDbType:[21] - 所使用的数据源为:slave
2017-12-29 14:35:02.654 [main] DEBUG com.drore.dao.UserDao.queryUser.debug:[181] - ==>  Preparing: SELECT user_id,username,password FROM tb_user 
2017-12-29 14:35:02.701 [main] DEBUG com.drore.dao.UserDao.queryUser.debug:[181] - ==> Parameters: 
2017-12-29 14:35:02.725 [main] DEBUG com.drore.dao.UserDao.queryUser.debug:[181] - <==      Total: 10
